Determining if the pthread_create exist failed with the following output:
Change Dir: /home/wzh/cmu/cmu/autonomous_exploration_development_environment/build/CMakeFiles/CMakeTmp

Run Build Command:"/usr/bin/make" "cmTC_99068/fast"
/usr/bin/make -f CMakeFiles/cmTC_99068.dir/build.make CMakeFiles/cmTC_99068.dir/build
make[1]: 进入目录“/home/wzh/cmu/cmu/autonomous_exploration_development_environment/build/CMakeFiles/CMakeTmp”
Building C object CMakeFiles/cmTC_99068.dir/CheckSymbolExists.c.o
/usr/bin/cc    -o CMakeFiles/cmTC_99068.dir/CheckSymbolExists.c.o   -c /home/wzh/cmu/cmu/autonomous_exploration_development_environment/build/CMakeFiles/CMakeTmp/CheckSymbolExists.c
Linking C executable cmTC_99068
/usr/bin/cmake -E cmake_link_script CMakeFiles/cmTC_99068.dir/link.txt --verbose=1
/usr/bin/cc      -rdynamic CMakeFiles/cmTC_99068.dir/CheckSymbolExists.c.o  -o cmTC_99068 
CMakeFiles/cmTC_99068.dir/CheckSymbolExists.c.o：在函数‘main’中：
CheckSymbolExists.c:(.text+0x1b)：对‘pthread_create’未定义的引用
collect2: error: ld returned 1 exit status
CMakeFiles/cmTC_99068.dir/build.make:97: recipe for target 'cmTC_99068' failed
make[1]: *** [cmTC_99068] Error 1
make[1]: 离开目录“/home/wzh/cmu/cmu/autonomous_exploration_development_environment/build/CMakeFiles/CMakeTmp”
Makefile:126: recipe for target 'cmTC_99068/fast' failed
make: *** [cmTC_99068/fast] Error 2

File /home/wzh/cmu/cmu/autonomous_exploration_development_environment/build/CMakeFiles/CMakeTmp/CheckSymbolExists.c:
/* */
#include <pthread.h>

int main(int argc, char** argv)
{
  (void)argv;
#ifndef pthread_create
  return ((int*)(&pthread_create))[argc];
#else
  (void)argc;
  return 0;
#endif
}

Determining if the function pthread_create exists in the pthreads failed with the following output:
Change Dir: /home/wzh/cmu/cmu/autonomous_exploration_development_environment/build/CMakeFiles/CMakeTmp

Run Build Command:"/usr/bin/make" "cmTC_3bb09/fast"
/usr/bin/make -f CMakeFiles/cmTC_3bb09.dir/build.make CMakeFiles/cmTC_3bb09.dir/build
make[1]: 进入目录“/home/wzh/cmu/cmu/autonomous_exploration_development_environment/build/CMakeFiles/CMakeTmp”
Building C object CMakeFiles/cmTC_3bb09.dir/CheckFunctionExists.c.o
/usr/bin/cc   -DCHECK_FUNCTION_EXISTS=pthread_create   -o CMakeFiles/cmTC_3bb09.dir/CheckFunctionExists.c.o   -c /usr/share/cmake-3.10/Modules/CheckFunctionExists.c
Linking C executable cmTC_3bb09
/usr/bin/cmake -E cmake_link_script CMakeFiles/cmTC_3bb09.dir/link.txt --verbose=1
/usr/bin/cc  -DCHECK_FUNCTION_EXISTS=pthread_create    -rdynamic CMakeFiles/cmTC_3bb09.dir/CheckFunctionExists.c.o  -o cmTC_3bb09 -lpthreads 
/usr/bin/ld: 找不到 -lpthreads
collect2: error: ld returned 1 exit status
CMakeFiles/cmTC_3bb09.dir/build.make:97: recipe for target 'cmTC_3bb09' failed
make[1]: *** [cmTC_3bb09] Error 1
make[1]: 离开目录“/home/wzh/cmu/cmu/autonomous_exploration_development_environment/build/CMakeFiles/CMakeTmp”
Makefile:126: recipe for target 'cmTC_3bb09/fast' failed
make: *** [cmTC_3bb09/fast] Error 2


